#
# There is insufficient memory for the Java Runtime Environment to continue.
# Native memory allocation (malloc) failed to allocate 506256 bytes for Chunk::new
# Possible reasons:
#   The system is out of physical RAM or swap space
#   The process is running with CompressedOops enabled, and the Java Heap may be blocking the growth of the native heap
# Possible solutions:
#   Reduce memory load on the system
#   Increase physical memory or swap space
#   Check if swap backing store is full
#   Decrease Java heap size (-Xmx/-Xms)
#   Decrease number of Java threads
#   Decrease Java thread stack sizes (-Xss)
#   Set larger code cache with -XX:ReservedCodeCacheSize=
#   JVM is running with Unscaled Compressed Oops mode in which the Java heap is
#     placed in the first 4GB address space. The Java Heap base address is the
#     maximum limit for the native heap growth. Please use -XX:HeapBaseMinAddress
#     to set the Java Heap base and to place the Java Heap above 4GB virtual address.
# This output file may be truncated or incomplete.
#
#  Out of Memory Error (arena.cpp:184), pid=2028, tid=5316
#
# JRE version: OpenJDK Runtime Environment Corretto-18.0.2.9.1 (18.0.2+9) (build 18.0.2+9-FR)
# Java VM: OpenJDK 64-Bit Server VM Corretto-18.0.2.9.1 (18.0.2+9-FR, mixed mode, sharing, tiered, compressed oops, compressed class ptrs, g1 gc, windows-amd64)
# No core dump will be written. Minidumps are not enabled by default on client versions of Windows
#

---------------  S U M M A R Y ------------

Command Line: -javaagent:C:\Program Files\JetBrains\IntelliJ IDEA 2022.2.3\lib\idea_rt.jar=49788:C:\Program Files\JetBrains\IntelliJ IDEA 2022.2.3\bin -Dfile.encoding=UTF-8 -Dsun.stdout.encoding=UTF-8 -Dsun.stderr.encoding=UTF-8 --module-path=C:\Users\Andrés\OneDrive - Universidad Icesi (@icesi.edu.co)\Escritorio\TankBattleIcesi\frontline_duel\target\classes;C:\Users\Andrés\.m2\repository\org\openjfx\javafx-fxml\13\javafx-fxml-13-win.jar;C:\Users\Andrés\.m2\repository\org\openjfx\javafx-graphics\13\javafx-graphics-13-win.jar;C:\Users\Andrés\.m2\repository\org\openjfx\javafx-controls\13\javafx-controls-13-win.jar;C:\Users\Andrés\.m2\repository\org\openjfx\javafx-base\13\javafx-base-13-win.jar -Djdk.module.main=game.ui game.ui/game.ui.FrontlineDuel

Host: Intel(R) Core(TM) i3-6100U CPU @ 2.30GHz, 4 cores, 3G,  Windows 10 , 64 bit Build 19041 (10.0.19041.2251)
Time: Thu Dec  1 10:52:32 2022 Hora est. Pacífico, Sudamérica elapsed time: 16.504082 seconds (0d 0h 0m 16s)

---------------  T H R E A D  ---------------

Current thread (0x000002397f2d3450):  JavaThread "C2 CompilerThread0" daemon [_thread_in_native, id=5316, stack(0x0000007af7800000,0x0000007af7900000)]


Current CompileTask:
C2:  16504 1567       4       java.lang.invoke.MethodType::makeImpl (109 bytes)

Stack: [0x0000007af7800000,0x0000007af7900000]
Native frames: (J=compiled Java code, j=interpreted, Vv=VM code, C=native code)
V  [jvm.dll+0x685a2a]
V  [jvm.dll+0x82ae8d]
V  [jvm.dll+0x82c75e]
V  [jvm.dll+0x82ce03]
V  [jvm.dll+0x25ef4b]
V  [jvm.dll+0xd42d2]
V  [jvm.dll+0xd4665]
V  [jvm.dll+0x2ca852]
V  [jvm.dll+0x5907bf]
V  [jvm.dll+0x23bae0]
V  [jvm.dll+0x2351ef]
V  [jvm.dll+0x232e1f]
V  [jvm.dll+0x1c0a35]
V  [jvm.dll+0x24212c]
V  [jvm.dll+0x240534]
V  [jvm.dll+0x7df6db]
V  [jvm.dll+0x7d9cba]
V  [jvm.dll+0x6848a5]
C  [ucrtbase.dll+0x21bb2]
C  [KERNEL32.DLL+0x174b4]
C  [ntdll.dll+0x526a1]


---------------  P R O C E S S  ---------------

Threads class SMR info:
_java_thread_list=0x000002397f5ba810, length=19, elements={
0x0000023963e26a00, 0x000002397f2b9190, 0x000002397f2b9df0, 0x000002397f2d0aa0,
0x000002397f2d1440, 0x000002397f2d1de0, 0x000002397f2d2780, 0x000002397f2d3450,
0x000002397f2d6720, 0x000002397f2db680, 0x000002397f500060, 0x000002397f591d50,
0x000002397f8d6370, 0x00000239063f79f0, 0x00000239060c6db0, 0x000002390652aae0,
0x00000239067bad80, 0x00000239067181b0, 0x00000239064ebe60
}

Java Threads: ( => current thread )
  0x0000023963e26a00 JavaThread "main" [_thread_blocked, id=14464, stack(0x0000007af6b00000,0x0000007af6c00000)]
  0x000002397f2b9190 JavaThread "Reference Handler" daemon [_thread_blocked, id=12976, stack(0x0000007af7200000,0x0000007af7300000)]
  0x000002397f2b9df0 JavaThread "Finalizer" daemon [_thread_blocked, id=17720, stack(0x0000007af7300000,0x0000007af7400000)]
  0x000002397f2d0aa0 JavaThread "Signal Dispatcher" daemon [_thread_blocked, id=18328, stack(0x0000007af7400000,0x0000007af7500000)]
  0x000002397f2d1440 JavaThread "Attach Listener" daemon [_thread_blocked, id=14636, stack(0x0000007af7500000,0x0000007af7600000)]
  0x000002397f2d1de0 JavaThread "Service Thread" daemon [_thread_blocked, id=12580, stack(0x0000007af7600000,0x0000007af7700000)]
  0x000002397f2d2780 JavaThread "Monitor Deflation Thread" daemon [_thread_blocked, id=14748, stack(0x0000007af7700000,0x0000007af7800000)]
=>0x000002397f2d3450 JavaThread "C2 CompilerThread0" daemon [_thread_in_native, id=5316, stack(0x0000007af7800000,0x0000007af7900000)]
  0x000002397f2d6720 JavaThread "C1 CompilerThread0" daemon [_thread_blocked, id=11508, stack(0x0000007af7900000,0x0000007af7a00000)]
  0x000002397f2db680 JavaThread "Sweeper thread" daemon [_thread_blocked, id=6432, stack(0x0000007af7a00000,0x0000007af7b00000)]
  0x000002397f500060 JavaThread "Common-Cleaner" daemon [_thread_blocked, id=6116, stack(0x0000007af7b00000,0x0000007af7c00000)]
  0x000002397f591d50 JavaThread "Monitor Ctrl-Break" daemon [_thread_in_native, id=6644, stack(0x0000007af7c00000,0x0000007af7d00000)]
  0x000002397f8d6370 JavaThread "Notification Thread" daemon [_thread_blocked, id=15556, stack(0x0000007af7d00000,0x0000007af7e00000)]
  0x00000239063f79f0 JavaThread "QuantumRenderer-0" daemon [_thread_blocked, id=9688, stack(0x0000007af8200000,0x0000007af8300000)]
  0x00000239060c6db0 JavaThread "InvokeLaterDispatcher" daemon [_thread_blocked, id=17944, stack(0x0000007af8400000,0x0000007af8500000)]
  0x000002390652aae0 JavaThread "JavaFX Application Thread" [_thread_in_Java, id=8160, stack(0x0000007af8500000,0x0000007af8600000)]
  0x00000239067bad80 JavaThread "Thread-1" daemon [_thread_in_native, id=15712, stack(0x0000007af8900000,0x0000007af8a00000)]
  0x00000239067181b0 JavaThread "JavaFX-Launcher" [_thread_blocked, id=17092, stack(0x0000007af8a00000,0x0000007af8b00000)]
  0x00000239064ebe60 JavaThread "Prism Font Disposer" daemon [_thread_blocked, id=18388, stack(0x0000007af8f00000,0x0000007af9000000)]

Other Threads:
  0x0000023963e79200 VMThread "VM Thread" [stack: 0x0000007af7100000,0x0000007af7200000] [id=18376]
  0x00000239060fe130 WatcherThread "VM Periodic Task Thread" [stack: 0x0000007af7e00000,0x0000007af7f00000] [id=17628]
  0x0000023963e67ef0 WorkerThread "GC Thread#0" [stack: 0x0000007af6c00000,0x0000007af6d00000] [id=4824]
  0x000002390618dcf0 WorkerThread "GC Thread#1" [stack: 0x0000007af7f00000,0x0000007af8000000] [id=7228]
  0x00000239063f74b0 WorkerThread "GC Thread#2" [stack: 0x0000007af8000000,0x0000007af8100000] [id=10864]
  0x00000239063f7750 WorkerThread "GC Thread#3" [stack: 0x0000007af8100000,0x0000007af8200000] [id=16016]
  0x0000023963e70ae0 ConcurrentGCThread "G1 Main Marker" [stack: 0x0000007af6d00000,0x0000007af6e00000] [id=3336]
  0x0000023963e728e0 WorkerThread "G1 Conc#0" [stack: 0x0000007af6e00000,0x0000007af6f00000] [id=5400]
  0x0000023963e9cc40 ConcurrentGCThread "G1 Refine#0" [stack: 0x0000007af6f00000,0x0000007af7000000] [id=8564]
  0x000002397f5857a0 ConcurrentGCThread "G1 Refine#1" [stack: 0x0000007af8b00000,0x0000007af8c00000] [id=17716]
  0x0000023963e9d550 ConcurrentGCThread "G1 Service" [stack: 0x0000007af7000000,0x0000007af7100000] [id=14916]

Threads with active compile tasks:
C2 CompilerThread0    16636 1567       4       java.lang.invoke.MethodType::makeImpl (109 bytes)

VM state: not at safepoint (normal execution)

VM Mutex/Monitor currently owned by a thread: None

Heap address: 0x00000000c1a00000, size: 998 MB, Compressed Oops mode: 32-bit

CDS archive(s) mapped at: [0x0000000800000000-0x0000000800ba0000-0x0000000800ba0000), size 12189696, SharedBaseAddress: 0x0000000800000000, ArchiveRelocationMode: 0.
Compressed class space mapped at: 0x0000000800c00000-0x0000000840c00000, reserved size: 1073741824
Narrow klass base: 0x0000000800000000, Narrow klass shift: 0, Narrow klass range: 0x100000000

GC Precious Log:
 CardTable entry size: 512
 Card Set container configuration: InlinePtr #cards 5 size 8 Array Of Cards #cards 12 size 40 Howl #buckets 4 coarsen threshold 1843 Howl Bitmap #cards 512 size 80 coarsen threshold 460 Card regions per heap region 1 cards per card region 2048
 CPUs: 4 total, 4 available
 Memory: 3984M
 Large Page Support: Disabled
 NUMA Support: Disabled
 Compressed Oops: Enabled (32-bit)
 Heap Region Size: 1M
 Heap Min Capacity: 8M
 Heap Initial Capacity: 64M
 Heap Max Capacity: 998M
 Pre-touch: Disabled
 Parallel Workers: 4
 Concurrent Workers: 1
 Concurrent Refinement Workers: 4
 Periodic GC: Disabled

Heap:
 garbage-first heap   total 65536K, used 51850K [0x00000000c1a00000, 0x0000000100000000)
  region size 1024K, 29 young (29696K), 3 survivors (3072K)
 Metaspace       used 13272K, committed 13568K, reserved 1114112K
  class space    used 1953K, committed 2048K, reserved 1048576K

Heap Regions: E=young(eden), S=young(survivor), O=old, HS=humongous(starts), HC=humongous(continues), CS=collection set, F=free, OA=open archive, CA=closed archive, TAMS=top-at-mark-start (previous, next)
|   0|0x00000000c1a00000, 0x00000000c1b00000, 0x00000000c1b00000|100%| O|  |TAMS 0x00000000c1a00000, 0x00000000c1a00000| Untracked 
|   1|0x00000000c1b00000, 0x00000000c1bad800, 0x00000000c1c00000| 67%| O|  |TAMS 0x00000000c1b00000, 0x00000000c1b00000| Untracked 
|   2|0x00000000c1c00000, 0x00000000c1d00000, 0x00000000c1d00000|100%|HS|  |TAMS 0x00000000c1c00000, 0x00000000c1c00000| Complete 
|   3|0x00000000c1d00000, 0x00000000c1e00000, 0x00000000c1e00000|100%|HC|  |TAMS 0x00000000c1d00000, 0x00000000c1d00000| Complete 
|   4|0x00000000c1e00000, 0x00000000c1f00000, 0x00000000c1f00000|100%|HS|  |TAMS 0x00000000c1e00000, 0x00000000c1e00000| Complete 
|   5|0x00000000c1f00000, 0x00000000c2000000, 0x00000000c2000000|100%|HC|  |TAMS 0x00000000c1f00000, 0x00000000c1f00000| Complete 
|   6|0x00000000c2000000, 0x00000000c2100000, 0x00000000c2100000|100%|HS|  |TAMS 0x00000000c2000000, 0x00000000c2000000| Complete 
|   7|0x00000000c2100000, 0x00000000c2200000, 0x00000000c2200000|100%|HC|  |TAMS 0x00000000c2100000, 0x00000000c2100000| Complete 
|   8|0x00000000c2200000, 0x00000000c2300000, 0x00000000c2300000|100%|HS|  |TAMS 0x00000000c2200000, 0x00000000c2200000| Complete 
|   9|0x00000000c2300000, 0x00000000c2400000, 0x00000000c2400000|100%|HC|  |TAMS 0x00000000c2300000, 0x00000000c2300000| Complete 
|  10|0x00000000c2400000, 0x00000000c2500000, 0x00000000c2500000|100%|HS|  |TAMS 0x00000000c2400000, 0x00000000c2400000| Complete 
|  11|0x00000000c2500000, 0x00000000c2600000, 0x00000000c2600000|100%|HC|  |TAMS 0x00000000c2500000, 0x00000000c2500000| Complete 
|  12|0x00000000c2600000, 0x00000000c2700000, 0x00000000c2700000|100%|HS|  |TAMS 0x00000000c2600000, 0x00000000c2600000| Complete 
|  13|0x00000000c2700000, 0x00000000c2800000, 0x00000000c2800000|100%|HC|  |TAMS 0x00000000c2700000, 0x00000000c2700000| Complete 
|  14|0x00000000c2800000, 0x00000000c2900000, 0x00000000c2900000|100%|HS|  |TAMS 0x00000000c2800000, 0x00000000c2800000| Complete 
|  15|0x00000000c2900000, 0x00000000c2a00000, 0x00000000c2a00000|100%|HC|  |TAMS 0x00000000c2900000, 0x00000000c2900000| Complete 
|  16|0x00000000c2a00000, 0x00000000c2b00000, 0x00000000c2b00000|100%|HS|  |TAMS 0x00000000c2a00000, 0x00000000c2a00000| Complete 
|  17|0x00000000c2b00000, 0x00000000c2c00000, 0x00000000c2c00000|100%|HC|  |TAMS 0x00000000c2b00000, 0x00000000c2b00000| Complete 
|  18|0x00000000c2c00000, 0x00000000c2d00000, 0x00000000c2d00000|100%|HS|  |TAMS 0x00000000c2c00000, 0x00000000c2c00000| Complete 
|  19|0x00000000c2d00000, 0x00000000c2e00000, 0x00000000c2e00000|100%|HC|  |TAMS 0x00000000c2d00000, 0x00000000c2d00000| Complete 
|  20|0x00000000c2e00000, 0x00000000c2f00000, 0x00000000c2f00000|100%|HS|  |TAMS 0x00000000c2e00000, 0x00000000c2e00000| Complete 
|  21|0x00000000c2f00000, 0x00000000c3000000, 0x00000000c3000000|100%|HC|  |TAMS 0x00000000c2f00000, 0x00000000c2f00000| Complete 
|  22|0x00000000c3000000, 0x00000000c3100000, 0x00000000c3100000|100%|HS|  |TAMS 0x00000000c3000000, 0x00000000c3000000| Complete 
|  23|0x00000000c3100000, 0x00000000c3200000, 0x00000000c3200000|100%|HC|  |TAMS 0x00000000c3100000, 0x00000000c3100000| Complete 
|  24|0x00000000c3200000, 0x00000000c3200000, 0x00000000c3300000|  0%| F|  |TAMS 0x00000000c3200000, 0x00000000c3200000| Untracked 
|  25|0x00000000c3300000, 0x00000000c3300000, 0x00000000c3400000|  0%| F|  |TAMS 0x00000000c3300000, 0x00000000c3300000| Untracked 
|  26|0x00000000c3400000, 0x00000000c3400000, 0x00000000c3500000|  0%| F|  |TAMS 0x00000000c3400000, 0x00000000c3400000| Untracked 
|  27|0x00000000c3500000, 0x00000000c3500000, 0x00000000c3600000|  0%| F|  |TAMS 0x00000000c3500000, 0x00000000c3500000| Untracked 
|  28|0x00000000c3600000, 0x00000000c3600000, 0x00000000c3700000|  0%| F|  |TAMS 0x00000000c3600000, 0x00000000c3600000| Untracked 
|  29|0x00000000c3700000, 0x00000000c3700000, 0x00000000c3800000|  0%| F|  |TAMS 0x00000000c3700000, 0x00000000c3700000| Untracked 
|  30|0x00000000c3800000, 0x00000000c3800000, 0x00000000c3900000|  0%| F|  |TAMS 0x00000000c3800000, 0x00000000c3800000| Untracked 
|  31|0x00000000c3900000, 0x00000000c3900000, 0x00000000c3a00000|  0%| F|  |TAMS 0x00000000c3900000, 0x00000000c3900000| Untracked 
|  32|0x00000000c3a00000, 0x00000000c3a00000, 0x00000000c3b00000|  0%| F|  |TAMS 0x00000000c3a00000, 0x00000000c3a00000| Untracked 
|  33|0x00000000c3b00000, 0x00000000c3b00000, 0x00000000c3c00000|  0%| F|  |TAMS 0x00000000c3b00000, 0x00000000c3b00000| Untracked 
|  34|0x00000000c3c00000, 0x00000000c3c00000, 0x00000000c3d00000|  0%| F|  |TAMS 0x00000000c3c00000, 0x00000000c3c00000| Untracked 
|  35|0x00000000c3d00000, 0x00000000c3daa638, 0x00000000c3e00000| 66%| E|  |TAMS 0x00000000c3d00000, 0x00000000c3d00000| Complete 
|  36|0x00000000c3e00000, 0x00000000c3f00000, 0x00000000c3f00000|100%| E|CS|TAMS 0x00000000c3e00000, 0x00000000c3e00000| Complete 
|  37|0x00000000c3f00000, 0x00000000c4000000, 0x00000000c4000000|100%| E|CS|TAMS 0x00000000c3f00000, 0x00000000c3f00000| Complete 
|  38|0x00000000c4000000, 0x00000000c4100000, 0x00000000c4100000|100%| E|CS|TAMS 0x00000000c4000000, 0x00000000c4000000| Complete 
|  39|0x00000000c4100000, 0x00000000c4200000, 0x00000000c4200000|100%| E|CS|TAMS 0x00000000c4100000, 0x00000000c4100000| Complete 
|  40|0x00000000c4200000, 0x00000000c4300000, 0x00000000c4300000|100%| E|CS|TAMS 0x00000000c4200000, 0x00000000c4200000| Complete 
|  41|0x00000000c4300000, 0x00000000c4400000, 0x00000000c4400000|100%| E|CS|TAMS 0x00000000c4300000, 0x00000000c4300000| Complete 
|  42|0x00000000c4400000, 0x00000000c44f5370, 0x00000000c4500000| 95%| S|CS|TAMS 0x00000000c4400000, 0x00000000c4400000| Complete 
|  43|0x00000000c4500000, 0x00000000c4600000, 0x00000000c4600000|100%| S|CS|TAMS 0x00000000c4500000, 0x00000000c4500000| Complete 
|  44|0x00000000c4600000, 0x00000000c4700000, 0x00000000c4700000|100%| S|CS|TAMS 0x00000000c4600000, 0x00000000c4600000| Complete 
|  45|0x00000000c4700000, 0x00000000c4800000, 0x00000000c4800000|100%| E|CS|TAMS 0x00000000c4700000, 0x00000000c4700000| Complete 
|  46|0x00000000c4800000, 0x00000000c4900000, 0x00000000c4900000|100%| E|  |TAMS 0x00000000c4800000, 0x00000000c4800000| Complete 
|  47|0x00000000c4900000, 0x00000000c4a00000, 0x00000000c4a00000|100%| E|CS|TAMS 0x00000000c4900000, 0x00000000c4900000| Complete 
|  48|0x00000000c4a00000, 0x00000000c4b00000, 0x00000000c4b00000|100%| E|CS|TAMS 0x00000000c4a00000, 0x00000000c4a00000| Complete 
|  49|0x00000000c4b00000, 0x00000000c4c00000, 0x00000000c4c00000|100%| E|CS|TAMS 0x00000000c4b00000, 0x00000000c4b00000| Complete 
|  50|0x00000000c4c00000, 0x00000000c4d00000, 0x00000000c4d00000|100%| E|CS|TAMS 0x00000000c4c00000, 0x00000000c4c00000| Complete 
|  51|0x00000000c4d00000, 0x00000000c4e00000, 0x00000000c4e00000|100%| E|CS|TAMS 0x00000000c4d00000, 0x00000000c4d00000| Complete 
|  52|0x00000000c4e00000, 0x00000000c4f00000, 0x00000000c4f00000|100%| E|CS|TAMS 0x00000000c4e00000, 0x00000000c4e00000| Complete 
|  53|0x00000000c4f00000, 0x00000000c5000000, 0x00000000c5000000|100%| E|CS|TAMS 0x00000000c4f00000, 0x00000000c4f00000| Complete 
|  54|0x00000000c5000000, 0x00000000c5100000, 0x00000000c5100000|100%| E|CS|TAMS 0x00000000c5000000, 0x00000000c5000000| Complete 
|  55|0x00000000c5100000, 0x00000000c5200000, 0x00000000c5200000|100%| E|CS|TAMS 0x00000000c5100000, 0x00000000c5100000| Complete 
|  56|0x00000000c5200000, 0x00000000c5300000, 0x00000000c5300000|100%| E|CS|TAMS 0x00000000c5200000, 0x00000000c5200000| Complete 
|  57|0x00000000c5300000, 0x00000000c5400000, 0x00000000c5400000|100%| E|CS|TAMS 0x00000000c5300000, 0x00000000c5300000| Complete 
|  58|0x00000000c5400000, 0x00000000c5500000, 0x00000000c5500000|100%| E|CS|TAMS 0x00000000c5400000, 0x00000000c5400000| Complete 
|  59|0x00000000c5500000, 0x00000000c5600000, 0x00000000c5600000|100%| E|CS|TAMS 0x00000000c5500000, 0x00000000c5500000| Complete 
|  60|0x00000000c5600000, 0x00000000c5700000, 0x00000000c5700000|100%| E|CS|TAMS 0x00000000c5600000, 0x00000000c5600000| Complete 
|  61|0x00000000c5700000, 0x00000000c5800000, 0x00000000c5800000|100%| E|CS|TAMS 0x00000000c5700000, 0x00000000c5700000| Complete 
|  62|0x00000000c5800000, 0x00000000c5900000, 0x00000000c5900000|100%| E|CS|TAMS 0x00000000c5800000, 0x00000000c5800000| Complete 
|  63|0x00000000c5900000, 0x00000000c5a00000, 0x00000000c5a00000|100%| E|CS|TAMS 0x00000000c5900000, 0x00000000c5900000| Complete 

Card table byte_map: [0x000002397ca20000,0x000002397cc20000] _byte_map_base: 0x000002397c413000

Marking Bits (Prev, Next): (CMBitMap*) 0x0000023963e684f0, (CMBitMap*) 0x0000023963e68530
 Prev Bits: [0x000002397ce20000, 0x000002397ddb8000)
 Next Bits: [0x000002397ddc0000, 0x000002397ed58000)

Polling page: 0x0000023963f00000

Metaspace:

Usage:
  Non-class:     11.06 MB used.
      Class:      1.91 MB used.
       Both:     12.97 MB used.

Virtual space:
  Non-class space:       64.00 MB reserved,      11.25 MB ( 18%) committed,  1 nodes.
      Class space:        1.00 GB reserved,       2.00 MB ( <1%) committed,  1 nodes.
             Both:        1.06 GB reserved,      13.25 MB (  1%) committed. 

Chunk freelists:
   Non-Class:  688.00 KB
       Class:  1.88 MB
        Both:  2.55 MB

MaxMetaspaceSize: unlimited
CompressedClassSpaceSize: 1.00 GB
Initial GC threshold: 21.00 MB
Current GC threshold: 21.00 MB
CDS: on
MetaspaceReclaimPolicy: balanced
 - commit_granule_bytes: 65536.
 - commit_granule_words: 8192.
 - virtual_space_node_default_size: 8388608.
 - enlarge_chunks_in_place: 1.
 - new_chunks_are_fully_committed: 0.
 - uncommit_free_chunks: 1.
 - use_allocation_guard: 0.


Internal statistics:

num_allocs_failed_limit: 0.
num_arena_births: 308.
num_arena_deaths: 0.
num_vsnodes_births: 2.
num_vsnodes_deaths: 0.
num_space_committed: 212.
num_space_uncommitted: 0.
num_chunks_returned_to_freelist: 0.
num_chunks_taken_from_freelist: 698.
num_chunk_merges: 0.
num_chunk_splits: 502.
num_chunks_enlarged: 383.
num_inconsistent_stats: 0.

CodeHeap 'non-profiled nmethods': size=120000Kb used=662Kb max_used=662Kb free=119338Kb
 bounds [0x0000023974cd0000, 0x0000023974f40000, 0x000002397c200000]
CodeHeap 'profiled nmethods': size=120000Kb used=2989Kb max_used=2989Kb free=117010Kb
 bounds [0x000002396d7a0000, 0x000002396da90000, 0x0000023974cd0000]
CodeHeap 'non-nmethods': size=5760Kb used=1381Kb max_used=1382Kb free=4379Kb
 bounds [0x000002396d200000, 0x000002396d470000, 0x000002396d7a0000]
 total_blobs=2322 nmethods=1606 adapters=628
 compilation: enabled
              stopped_count=0, restarted_count=0
 full_count=0

Compilation events (20 events):
Event: 16.485 Thread 0x000002397f2d6720 1575       3       java.lang.invoke.TypeConvertingMethodAdapter::<init> (8 bytes)
Event: 16.485 Thread 0x000002397f2d6720 nmethod 1575 0x000002396da6dc10 code [0x000002396da6dda0, 0x000002396da6dee8]
Event: 16.485 Thread 0x000002397f2d6720 1576       3       jdk.internal.org.objectweb.asm.MethodVisitor::visitCode (15 bytes)
Event: 16.486 Thread 0x000002397f2d6720 nmethod 1576 0x000002396da6df90 code [0x000002396da6e140, 0x000002396da6e348]
Event: 16.486 Thread 0x000002397f2d6720 1577       3       jdk.internal.org.objectweb.asm.MethodVisitor::visitMethodInsn (80 bytes)
Event: 16.486 Thread 0x000002397f2d6720 nmethod 1577 0x000002396da6e410 code [0x000002396da6e5e0, 0x000002396da6eac8]
Event: 16.486 Thread 0x000002397f2d6720 1578   !   3       java.lang.invoke.InnerClassLambdaMetafactory::generateInnerClass (619 bytes)
Event: 16.491 Thread 0x000002397f2d6720 nmethod 1578 0x000002396da6ec10 code [0x000002396da6f120, 0x000002396da71a68]
Event: 16.491 Thread 0x000002397f2d6720 1579       3       java.lang.invoke.InnerClassLambdaMetafactory::generateConstructor (154 bytes)
Event: 16.492 Thread 0x000002397f2d6720 nmethod 1579 0x000002396da72a90 code [0x000002396da72d60, 0x000002396da73d08]
Event: 16.492 Thread 0x000002397f2d6720 1580       3       java.lang.invoke.InnerClassLambdaMetafactory$ForwardingMethodGenerator::<init> (11 bytes)
Event: 16.492 Thread 0x000002397f2d6720 nmethod 1580 0x000002396da74290 code [0x000002396da74440, 0x000002396da74648]
Event: 16.493 Thread 0x000002397f2d6720 1581       3       java.lang.invoke.MethodHandle::asTypeUncached (54 bytes)
Event: 16.494 Thread 0x000002397f2d6720 nmethod 1581 0x000002396da74710 code [0x000002396da749e0, 0x000002396da754f8]
Event: 16.494 Thread 0x000002397f2d6720 1582       3       java.lang.invoke.MethodType::isConvertibleTo (164 bytes)
Event: 16.495 Thread 0x000002397f2d6720 nmethod 1582 0x000002396da75990 code [0x000002396da75be0, 0x000002396da76568]
Event: 16.495 Thread 0x000002397f2d6720 1583       3       java.lang.invoke.MethodHandleImpl::makePairwiseConvert (8 bytes)
Event: 16.496 Thread 0x000002397f2d6720 nmethod 1583 0x000002396da76810 code [0x000002396da769a0, 0x000002396da76ac8]
Event: 16.496 Thread 0x000002397f2d6720 1584       3       java.lang.invoke.MethodHandleImpl::makePairwiseConvert (22 bytes)
Event: 16.496 Thread 0x000002397f2d6720 nmethod 1584 0x000002396da76b90 code [0x000002396da76d40, 0x000002396da76f68]

GC Heap History (4 events):
Event: 2.405 GC heap before
{Heap before GC invocations=0 (full 0):
 garbage-first heap   total 65536K, used 12288K [0x00000000c1a00000, 0x0000000100000000)
  region size 1024K, 13 young (13312K), 0 survivors (0K)
 Metaspace       used 2807K, committed 3008K, reserved 1114112K
  class space    used 289K, committed 384K, reserved 1048576K
}
Event: 2.412 GC heap after
{Heap after GC invocations=1 (full 0):
 garbage-first heap   total 65536K, used 1799K [0x00000000c1a00000, 0x0000000100000000)
  region size 1024K, 2 young (2048K), 2 survivors (2048K)
 Metaspace       used 2807K, committed 3008K, reserved 1114112K
  class space    used 289K, committed 384K, reserved 1048576K
}
Event: 8.237 GC heap before
{Heap before GC invocations=1 (full 0):
 garbage-first heap   total 65536K, used 18183K [0x00000000c1a00000, 0x0000000100000000)
  region size 1024K, 19 young (19456K), 2 survivors (2048K)
 Metaspace       used 8212K, committed 8448K, reserved 1114112K
  class space    used 1045K, committed 1152K, reserved 1048576K
}
Event: 8.286 GC heap after
{Heap after GC invocations=2 (full 0):
 garbage-first heap   total 65536K, used 4746K [0x00000000c1a00000, 0x0000000100000000)
  region size 1024K, 3 young (3072K), 3 survivors (3072K)
 Metaspace       used 8212K, committed 8448K, reserved 1114112K
  class space    used 1045K, committed 1152K, reserved 1048576K
}

Deoptimization events (20 events):
Event: 16.245 Thread 0x000002390652aae0 DEOPT PACKING pc=0x0000023974d6f148 sp=0x0000007af85fcd00
Event: 16.245 Thread 0x000002390652aae0 DEOPT UNPACKING pc=0x000002396d2523a3 sp=0x0000007af85fcc88 mode 2
Event: 16.245 Thread 0x000002390652aae0 Uncommon trap: trap_request=0xffffffde fr.pc=0x0000023974d6f148 relative=0x0000000000000128
Event: 16.245 Thread 0x000002390652aae0 Uncommon trap: reason=class_check action=maybe_recompile pc=0x0000023974d6f148 method=jdk.internal.misc.Unsafe.allocateUninitializedArray(Ljava/lang/Class;I)Ljava/lang/Object; @ 51 c2
Event: 16.245 Thread 0x000002390652aae0 DEOPT PACKING pc=0x0000023974d6f148 sp=0x0000007af85fcbc0
Event: 16.245 Thread 0x000002390652aae0 DEOPT UNPACKING pc=0x000002396d2523a3 sp=0x0000007af85fcb48 mode 2
Event: 16.246 Thread 0x000002390652aae0 Uncommon trap: trap_request=0xffffffde fr.pc=0x0000023974d6f148 relative=0x0000000000000128
Event: 16.246 Thread 0x000002390652aae0 Uncommon trap: reason=class_check action=maybe_recompile pc=0x0000023974d6f148 method=jdk.internal.misc.Unsafe.allocateUninitializedArray(Ljava/lang/Class;I)Ljava/lang/Object; @ 51 c2
Event: 16.246 Thread 0x000002390652aae0 DEOPT PACKING pc=0x0000023974d6f148 sp=0x0000007af85fd4b0
Event: 16.246 Thread 0x000002390652aae0 DEOPT UNPACKING pc=0x000002396d2523a3 sp=0x0000007af85fd438 mode 2
Event: 16.246 Thread 0x000002390652aae0 Uncommon trap: trap_request=0xffffffde fr.pc=0x0000023974ce2ea8 relative=0x00000000000001a8
Event: 16.246 Thread 0x000002390652aae0 Uncommon trap: reason=class_check action=maybe_recompile pc=0x0000023974ce2ea8 method=java.lang.String.equals(Ljava/lang/Object;)Z @ 8 c2
Event: 16.246 Thread 0x000002390652aae0 DEOPT PACKING pc=0x0000023974ce2ea8 sp=0x0000007af85fd4c0
Event: 16.246 Thread 0x000002390652aae0 DEOPT UNPACKING pc=0x000002396d2523a3 sp=0x0000007af85fd468 mode 2
Event: 16.248 Thread 0x000002390652aae0 Uncommon trap: trap_request=0xffffffde fr.pc=0x0000023974d6f148 relative=0x0000000000000128
Event: 16.248 Thread 0x000002390652aae0 Uncommon trap: reason=class_check action=maybe_recompile pc=0x0000023974d6f148 method=jdk.internal.misc.Unsafe.allocateUninitializedArray(Ljava/lang/Class;I)Ljava/lang/Object; @ 51 c2
Event: 16.248 Thread 0x000002390652aae0 DEOPT PACKING pc=0x0000023974d6f148 sp=0x0000007af85fc5b0
Event: 16.248 Thread 0x000002390652aae0 DEOPT UNPACKING pc=0x000002396d2523a3 sp=0x0000007af85fc538 mode 2
Event: 16.480 Thread 0x000002390652aae0 DEOPT PACKING pc=0x000002396d82a1d6 sp=0x0000007af85fca60
Event: 16.480 Thread 0x000002390652aae0 DEOPT UNPACKING pc=0x000002396d252b43 sp=0x0000007af85fbf00 mode 0

Classes loaded (20 events):
Event: 14.380 Loading class java/util/ResourceBundle$CacheKey
Event: 14.380 Loading class java/util/ResourceBundle$CacheKey done
Event: 14.380 Loading class java/util/ResourceBundle$KeyElementReference
Event: 14.381 Loading class java/util/ResourceBundle$CacheKeyReference
Event: 14.381 Loading class java/util/ResourceBundle$CacheKeyReference done
Event: 14.381 Loading class java/util/ResourceBundle$KeyElementReference done
Event: 14.382 Loading class java/util/ResourceBundle$3
Event: 14.383 Loading class java/util/ResourceBundle$3 done
Event: 14.387 Loading class java/util/PropertyResourceBundle
Event: 14.388 Loading class java/util/PropertyResourceBundle done
Event: 14.388 Loading class sun/util/PropertyResourceBundleCharset
Event: 14.390 Loading class sun/util/PropertyResourceBundleCharset done
Event: 14.390 Loading class sun/util/PropertyResourceBundleCharset$PropertiesFileDecoder
Event: 14.392 Loading class sun/util/PropertyResourceBundleCharset$PropertiesFileDecoder done
Event: 14.395 Loading class java/util/ResourceBundle$BundleReference
Event: 14.396 Loading class java/util/ResourceBundle$BundleReference done
Event: 15.203 Loading class java/lang/StrictMath
Event: 15.204 Loading class java/lang/StrictMath done
Event: 16.088 Loading class jdk/jfr/FlightRecorder
Event: 16.098 Loading class jdk/jfr/FlightRecorder done

Classes unloaded (0 events):
No events

Classes redefined (0 events):
No events

Internal exceptions (20 events):
Event: 5.356 Thread 0x000002390652aae0 Exception <a 'sun/nio/fs/WindowsException'{0x00000000c4f11bf8}> (0x00000000c4f11bf8) 
thrown [s\src\hotspot\share\prims\jni.cpp, line 516]
Event: 5.912 Thread 0x000002390652aae0 Exception <a 'java/lang/NoSuchMethodError'{0x00000000c4efa978}: 'java.lang.Object java.lang.invoke.DirectMethodHandle$Holder.invokeStaticInit(java.lang.Object, java.lang.Object, java.lang.Object, java.lang.Object)'> (0x00000000c4efa978) 
thrown [s\src\hotspot\share\interpreter\linkResolver.cpp, line 759]
Event: 6.150 Thread 0x000002390652aae0 Exception <a 'java/lang/NullPointerException'{0x00000000c4a1cea0}> (0x00000000c4a1cea0) 
thrown [s\src\hotspot\share\interpreter\linkResolver.cpp, line 1350]
Event: 10.177 Thread 0x000002390652aae0 Exception <a 'java/lang/NoSuchMethodError'{0x00000000c5886e78}: 'void java.lang.invoke.DirectMethodHandle$Holder.invokeStaticInit(java.lang.Object, java.lang.Object)'> (0x00000000c5886e78) 
thrown [s\src\hotspot\share\interpreter\linkResolver.cpp, line 759]
Event: 11.115 Thread 0x000002390652aae0 Exception <a 'java/lang/NoSuchMethodError'{0x00000000c5547f00}: 'void java.lang.invoke.Invokers$Holder.invokeExact_MT(java.lang.Object, java.lang.Object, java.lang.Object, java.lang.Object)'> (0x00000000c5547f00) 
thrown [s\src\hotspot\share\interpreter\linkResolver.cpp, line 759]
Event: 11.124 Thread 0x000002390652aae0 Exception <a 'java/lang/NoSuchMethodError'{0x00000000c554c238}: 'void java.lang.invoke.DirectMethodHandle$Holder.invokeSpecial(java.lang.Object, java.lang.Object, double)'> (0x00000000c554c238) 
thrown [s\src\hotspot\share\interpreter\linkResolver.cpp, line 759]
Event: 11.127 Thread 0x000002390652aae0 Exception <a 'java/lang/NoSuchMethodError'{0x00000000c5557438}: 'double java.lang.invoke.DelegatingMethodHandle$Holder.reinvoke_L(java.lang.Object, java.lang.Object, int)'> (0x00000000c5557438) 
thrown [s\src\hotspot\share\interpreter\linkResolver.cpp, line 759]
Event: 11.129 Thread 0x000002390652aae0 Exception <a 'java/lang/NoSuchMethodError'{0x00000000c5561948}: 'void java.lang.invoke.DelegatingMethodHandle$Holder.reinvoke_L(java.lang.Object, java.lang.Object, double)'> (0x00000000c5561948) 
thrown [s\src\hotspot\share\interpreter\linkResolver.cpp, line 759]
Event: 11.160 Thread 0x000002390652aae0 Exception <a 'java/lang/NoSuchMethodError'{0x00000000c5575270}: 'void java.lang.invoke.DirectMethodHandle$Holder.invokeSpecial(java.lang.Object, java.lang.Object, int)'> (0x00000000c5575270) 
thrown [s\src\hotspot\share\interpreter\linkResolver.cpp, line 759]
Event: 11.164 Thread 0x000002390652aae0 Exception <a 'java/lang/NoSuchMethodError'{0x00000000c557c830}: 'void java.lang.invoke.DelegatingMethodHandle$Holder.reinvoke_L(java.lang.Object, java.lang.Object, int)'> (0x00000000c557c830) 
thrown [s\src\hotspot\share\interpreter\linkResolver.cpp, line 759]
Event: 11.608 Thread 0x000002390652aae0 Exception <a 'sun/nio/fs/WindowsException'{0x00000000c547acb0}> (0x00000000c547acb0) 
thrown [s\src\hotspot\share\prims\jni.cpp, line 516]
Event: 13.796 Thread 0x000002390652aae0 Exception <a 'java/lang/ArrayIndexOutOfBoundsException'{0x00000000c4efb5a8}: Index 4096 out of bounds for length 4096> (0x00000000c4efb5a8) 
thrown [s\src\hotspot\share\interpreter\interpreterRuntime.cpp, line 431]
Event: 14.145 Thread 0x000002390652aae0 Exception <a 'sun/nio/fs/WindowsException'{0x00000000c4df96d0}> (0x00000000c4df96d0) 
thrown [s\src\hotspot\share\prims\jni.cpp, line 516]
Event: 14.180 Thread 0x000002390652aae0 Implicit null exception at 0x0000023974cebd60 to 0x0000023974cebf80
Event: 14.208 Thread 0x000002390652aae0 Implicit null exception at 0x0000023974d3a2ac to 0x0000023974d3a70c
Event: 16.317 Thread 0x000002390652aae0 Exception <a 'java/lang/NoSuchMethodError'{0x00000000c47e6ac8}: 'java.lang.Object java.lang.invoke.DirectMethodHandle$Holder.invokeInterface(java.lang.Object, java.lang.Object, java.lang.Object)'> (0x00000000c47e6ac8) 
thrown [s\src\hotspot\share\interpreter\linkResolver.cpp, line 759]
Event: 16.318 Thread 0x000002390652aae0 Exception <a 'java/lang/IncompatibleClassChangeError'{0x00000000c47ea448}: Found class java.lang.Object, but interface was expected> (0x00000000c47ea448) 
thrown [s\src\hotspot\share\interpreter\linkResolver.cpp, line 826]
Event: 16.479 Thread 0x000002390652aae0 Exception <a 'java/lang/ClassNotFoundException'{0x00000000c41bdae8}: com/sun/javafx/scene/control/skin/resources/controls> (0x00000000c41bdae8) 
thrown [s\src\hotspot\share\prims\jni.cpp, line 535]
Event: 16.482 Thread 0x000002390652aae0 Exception <a 'java/lang/ClassNotFoundException'{0x00000000c41cb5e8}: com/sun/javafx/scene/control/skin/resources/controls_es> (0x00000000c41cb5e8) 
thrown [s\src\hotspot\share\prims\jni.cpp, line 535]
Event: 16.484 Thread 0x000002390652aae0 Exception <a 'java/lang/ClassNotFoundException'{0x00000000c41d9828}: com/sun/javafx/scene/control/skin/resources/controls_es_CO> (0x00000000c41d9828) 
thrown [s\src\hotspot\share\prims\jni.cpp, line 535]

VM Operations (20 events):
Event: 5.970 Executing VM operation: Cleanup
Event: 5.970 Executing VM operation: Cleanup done
Event: 6.737 Executing VM operation: HandshakeAllThreads
Event: 6.737 Executing VM operation: HandshakeAllThreads done
Event: 7.747 Executing VM operation: Cleanup
Event: 7.819 Executing VM operation: Cleanup done
Event: 8.237 Executing VM operation: G1CollectForAllocation
Event: 8.286 Executing VM operation: G1CollectForAllocation done
Event: 9.287 Executing VM operation: Cleanup
Event: 9.287 Executing VM operation: Cleanup done
Event: 10.287 Executing VM operation: Cleanup
Event: 10.288 Executing VM operation: Cleanup done
Event: 11.296 Executing VM operation: Cleanup
Event: 11.329 Executing VM operation: Cleanup done
Event: 13.332 Executing VM operation: Cleanup
Event: 13.336 Executing VM operation: Cleanup done
Event: 14.336 Executing VM operation: Cleanup
Event: 14.337 Executing VM operation: Cleanup done
Event: 15.337 Executing VM operation: Cleanup
Event: 15.337 Executing VM operation: Cleanup done

Events (20 events):
Event: 1.986 Loaded shared library C:\Users\Andrés\.openjfx\cache\13\api-ms-win-crt-process-l1-1-0.dll
Event: 1.995 Loaded shared library C:\Users\Andrés\.openjfx\cache\13\api-ms-win-crt-runtime-l1-1-0.dll
Event: 2.002 Loaded shared library C:\Users\Andrés\.openjfx\cache\13\api-ms-win-crt-stdio-l1-1-0.dll
Event: 2.008 Loaded shared library C:\Users\Andrés\.openjfx\cache\13\api-ms-win-crt-string-l1-1-0.dll
Event: 2.017 Loaded shared library C:\Users\Andrés\.openjfx\cache\13\api-ms-win-crt-time-l1-1-0.dll
Event: 2.028 Loaded shared library C:\Users\Andrés\.openjfx\cache\13\api-ms-win-crt-utility-l1-1-0.dll
Event: 2.215 Loaded shared library C:\Users\Andrés\.openjfx\cache\13\ucrtbase.dll
Event: 2.226 Loaded shared library C:\Users\Andrés\.openjfx\cache\13\vcruntime140.dll
Event: 2.257 Loaded shared library C:\Users\Andrés\.openjfx\cache\13\msvcp140.dll
Event: 2.285 Loaded shared library C:\Users\Andrés\.openjfx\cache\13\concrt140.dll
Event: 2.419 Thread 0x00000239063f79f0 Thread added: 0x00000239063f79f0
Event: 2.473 Loaded shared library C:\Users\Andrés\.openjfx\cache\13\prism_d3d.dll
Event: 2.815 Loaded shared library C:\Users\Andrés\.openjfx\cache\13\glass.dll
Event: 2.820 Thread 0x00000239060c6db0 Thread added: 0x00000239060c6db0
Event: 2.834 Thread 0x000002390652aae0 Thread added: 0x000002390652aae0
Event: 2.909 Loaded shared library C:\Users\Andrés\.jdks\corretto-18.0.2\bin\jimage.dll
Event: 4.409 Thread 0x00000239067bad80 Thread added: 0x00000239067bad80
Event: 4.867 Thread 0x00000239067181b0 Thread added: 0x00000239067181b0
Event: 6.713 Loaded shared library C:\Users\Andrés\.openjfx\cache\13\javafx_font.dll
Event: 16.305 Thread 0x00000239064ebe60 Thread added: 0x00000239064ebe60


Dynamic libraries:
0x00007ff66d8d0000 - 0x00007ff66d8dd000 	C:\Users\Andrés\.jdks\corretto-18.0.2\bin\java.exe
0x00007ff8a8b30000 - 0x00007ff8a8d28000 	C:\WINDOWS\SYSTEM32\ntdll.dll
0x00007ff8a7c50000 - 0x00007ff8a7d0f000 	C:\WINDOWS\System32\KERNEL32.DLL
0x00007ff8a65b0000 - 0x00007ff8a6882000 	C:\WINDOWS\System32\KERNELBASE.dll
0x00007ff8a6280000 - 0x00007ff8a6380000 	C:\WINDOWS\System32\ucrtbase.dll
0x00007ff89f580000 - 0x00007ff89f597000 	C:\Users\Andrés\.jdks\corretto-18.0.2\bin\jli.dll
0x00007ff8a78f0000 - 0x00007ff8a7a8d000 	C:\WINDOWS\System32\USER32.dll
0x00007ff8a63b0000 - 0x00007ff8a63d2000 	C:\WINDOWS\System32\win32u.dll
0x00007ff8a8150000 - 0x00007ff8a817b000 	C:\WINDOWS\System32\GDI32.dll
0x00007ff8a6a70000 - 0x00007ff8a6b7f000 	C:\WINDOWS\System32\gdi32full.dll
0x00007ff89f560000 - 0x00007ff89f575000 	C:\Users\Andrés\.jdks\corretto-18.0.2\bin\VCRUNTIME140.dll
0x00007ff8a6890000 - 0x00007ff8a692d000 	C:\WINDOWS\System32\msvcp_win.dll
0x00007ff893c00000 - 0x00007ff893e9a000 	C:\WINDOWS\WinSxS\amd64_microsoft.windows.common-controls_6595b64144ccf1df_6.0.19041.1110_none_60b5254171f9507e\COMCTL32.dll
0x00007ff8a8180000 - 0x00007ff8a821e000 	C:\WINDOWS\System32\msvcrt.dll
0x00007ff8a7e20000 - 0x00007ff8a7e52000 	C:\WINDOWS\System32\IMM32.DLL
0x00007ff881730000 - 0x00007ff8817cb000 	C:\Users\Andrés\.jdks\corretto-18.0.2\bin\msvcp140.dll
0x00007ff866900000 - 0x00007ff867571000 	C:\Users\Andrés\.jdks\corretto-18.0.2\bin\server\jvm.dll
0x00007ff8a80a0000 - 0x00007ff8a814e000 	C:\WINDOWS\System32\ADVAPI32.dll
0x00007ff8a7bb0000 - 0x00007ff8a7c4c000 	C:\WINDOWS\System32\sechost.dll
0x00007ff8a6b80000 - 0x00007ff8a6ca5000 	C:\WINDOWS\System32\RPCRT4.dll
0x00007ff8a6d80000 - 0x00007ff8a6d88000 	C:\WINDOWS\System32\PSAPI.DLL
0x00007ff8a4960000 - 0x00007ff8a4969000 	C:\WINDOWS\SYSTEM32\WSOCK32.dll
0x00007ff8a7da0000 - 0x00007ff8a7e0b000 	C:\WINDOWS\System32\WS2_32.dll
0x00007ff89f5b0000 - 0x00007ff89f5d7000 	C:\WINDOWS\SYSTEM32\WINMM.dll
0x00007ff89dfa0000 - 0x00007ff89dfaa000 	C:\WINDOWS\SYSTEM32\VERSION.dll
0x00007ff8a4ad0000 - 0x00007ff8a4ae2000 	C:\WINDOWS\SYSTEM32\kernel.appcore.dll
0x00007ff89f550000 - 0x00007ff89f55a000 	C:\Users\Andrés\.jdks\corretto-18.0.2\bin\jimage.dll
0x00007ff8a3fa0000 - 0x00007ff8a4184000 	C:\WINDOWS\SYSTEM32\DBGHELP.DLL
0x00007ff88de80000 - 0x00007ff88deac000 	C:\WINDOWS\SYSTEM32\dbgcore.DLL
0x00007ff8a69e0000 - 0x00007ff8a6a62000 	C:\WINDOWS\System32\bcryptPrimitives.dll
0x00007ff8a1320000 - 0x00007ff8a132e000 	C:\Users\Andrés\.jdks\corretto-18.0.2\bin\instrument.dll
0x00007ff89e660000 - 0x00007ff89e685000 	C:\Users\Andrés\.jdks\corretto-18.0.2\bin\java.dll
0x00007ff87c7c0000 - 0x00007ff87c896000 	C:\Users\Andrés\.jdks\corretto-18.0.2\bin\jsvml.dll
0x00007ff8a6f30000 - 0x00007ff8a7673000 	C:\WINDOWS\System32\SHELL32.dll
0x00007ff8a4190000 - 0x00007ff8a4922000 	C:\WINDOWS\SYSTEM32\windows.storage.dll
0x00007ff8a8790000 - 0x00007ff8a8ae4000 	C:\WINDOWS\System32\combase.dll
0x00007ff8a5bb0000 - 0x00007ff8a5be0000 	C:\WINDOWS\SYSTEM32\Wldp.dll
0x00007ff8a6e70000 - 0x00007ff8a6f1d000 	C:\WINDOWS\System32\SHCORE.dll
0x00007ff8a8690000 - 0x00007ff8a86e5000 	C:\WINDOWS\System32\shlwapi.dll
0x00007ff8a6170000 - 0x00007ff8a618f000 	C:\WINDOWS\SYSTEM32\profapi.dll
0x00007ff89e450000 - 0x00007ff89e463000 	C:\Users\Andrés\.jdks\corretto-18.0.2\bin\net.dll
0x00007ff8936f0000 - 0x00007ff8937fc000 	C:\WINDOWS\SYSTEM32\WINHTTP.dll
0x00007ff8a5910000 - 0x00007ff8a597a000 	C:\WINDOWS\system32\mswsock.dll
0x00007ff89e430000 - 0x00007ff89e445000 	C:\Users\Andrés\.jdks\corretto-18.0.2\bin\nio.dll
0x00007ff89d1e0000 - 0x00007ff89d1f8000 	C:\Users\Andrés\.jdks\corretto-18.0.2\bin\zip.dll
0x00007ff89e5e0000 - 0x00007ff89e5fa000 	C:\Program Files\JetBrains\IntelliJ IDEA 2022.2.3\bin\breakgen64.dll
0x000002397f8f0000 - 0x000002397f8f3000 	C:\Users\Andrés\.openjfx\cache\13\api-ms-win-core-console-l1-1-0.dll
0x000002397f900000 - 0x000002397f903000 	C:\Users\Andrés\.openjfx\cache\13\api-ms-win-core-datetime-l1-1-0.dll
0x000002397f910000 - 0x000002397f913000 	C:\Users\Andrés\.openjfx\cache\13\api-ms-win-core-debug-l1-1-0.dll
0x000002397f920000 - 0x000002397f923000 	C:\Users\Andrés\.openjfx\cache\13\api-ms-win-core-errorhandling-l1-1-0.dll
0x000002397f930000 - 0x000002397f934000 	C:\Users\Andrés\.openjfx\cache\13\api-ms-win-core-file-l1-1-0.dll
0x000002397f940000 - 0x000002397f943000 	C:\Users\Andrés\.openjfx\cache\13\api-ms-win-core-file-l1-2-0.dll
0x000002397f950000 - 0x000002397f953000 	C:\Users\Andrés\.openjfx\cache\13\api-ms-win-core-file-l2-1-0.dll
0x000002397f960000 - 0x000002397f963000 	C:\Users\Andrés\.openjfx\cache\13\api-ms-win-core-handle-l1-1-0.dll
0x000002397f970000 - 0x000002397f973000 	C:\Users\Andrés\.openjfx\cache\13\api-ms-win-core-heap-l1-1-0.dll
0x000002397f980000 - 0x000002397f983000 	C:\Users\Andrés\.openjfx\cache\13\api-ms-win-core-interlocked-l1-1-0.dll
0x000002397f990000 - 0x000002397f993000 	C:\Users\Andrés\.openjfx\cache\13\api-ms-win-core-libraryloader-l1-1-0.dll
0x000002397f9a0000 - 0x000002397f9a3000 	C:\Users\Andrés\.openjfx\cache\13\api-ms-win-core-localization-l1-2-0.dll
0x000002397f9b0000 - 0x000002397f9b3000 	C:\Users\Andrés\.openjfx\cache\13\api-ms-win-core-memory-l1-1-0.dll
0x000002397f9c0000 - 0x000002397f9c3000 	C:\Users\Andrés\.openjfx\cache\13\api-ms-win-core-namedpipe-l1-1-0.dll
0x000002397f9d0000 - 0x000002397f9d3000 	C:\Users\Andrés\.openjfx\cache\13\api-ms-win-core-processenvironment-l1-1-0.dll
0x000002397f9e0000 - 0x000002397f9e3000 	C:\Users\Andrés\.openjfx\cache\13\api-ms-win-core-processthreads-l1-1-0.dll
0x000002397f9f0000 - 0x000002397f9f3000 	C:\Users\Andrés\.openjfx\cache\13\api-ms-win-core-processthreads-l1-1-1.dll
0x000002397fa00000 - 0x000002397fa03000 	C:\Users\Andrés\.openjfx\cache\13\api-ms-win-core-profile-l1-1-0.dll
0x000002397fa10000 - 0x000002397fa13000 	C:\Users\Andrés\.openjfx\cache\13\api-ms-win-core-rtlsupport-l1-1-0.dll
0x000002397fa20000 - 0x000002397fa23000 	C:\Users\Andrés\.openjfx\cache\13\api-ms-win-core-string-l1-1-0.dll
0x000002397fa30000 - 0x000002397fa33000 	C:\Users\Andrés\.openjfx\cache\13\api-ms-win-core-synch-l1-1-0.dll
0x000002397fa40000 - 0x000002397fa43000 	C:\Users\Andrés\.openjfx\cache\13\api-ms-win-core-synch-l1-2-0.dll
0x000002397fa50000 - 0x000002397fa53000 	C:\Users\Andrés\.openjfx\cache\13\api-ms-win-core-sysinfo-l1-1-0.dll
0x000002397fa60000 - 0x000002397fa63000 	C:\Users\Andrés\.openjfx\cache\13\api-ms-win-core-timezone-l1-1-0.dll
0x000002397fa70000 - 0x000002397fa73000 	C:\Users\Andrés\.openjfx\cache\13\api-ms-win-core-util-l1-1-0.dll
0x000002397fa80000 - 0x000002397fa83000 	C:\Users\Andrés\.openjfx\cache\13\api-ms-win-crt-conio-l1-1-0.dll
0x000002397fa90000 - 0x000002397fa94000 	C:\Users\Andrés\.openjfx\cache\13\api-ms-win-crt-convert-l1-1-0.dll
0x000002397faa0000 - 0x000002397faa3000 	C:\Users\Andrés\.openjfx\cache\13\api-ms-win-crt-environment-l1-1-0.dll
0x000002397fab0000 - 0x000002397fab3000 	C:\Users\Andrés\.openjfx\cache\13\api-ms-win-crt-filesystem-l1-1-0.dll
0x000002397fac0000 - 0x000002397fac3000 	C:\Users\Andrés\.openjfx\cache\13\api-ms-win-crt-heap-l1-1-0.dll
0x000002397fad0000 - 0x000002397fad3000 	C:\Users\Andrés\.openjfx\cache\13\api-ms-win-crt-locale-l1-1-0.dll
0x000002397fae0000 - 0x000002397fae5000 	C:\Users\Andrés\.openjfx\cache\13\api-ms-win-crt-math-l1-1-0.dll
0x000002397faf0000 - 0x000002397faf5000 	C:\Users\Andrés\.openjfx\cache\13\api-ms-win-crt-multibyte-l1-1-0.dll
0x000002397fb00000 - 0x000002397fb10000 	C:\Users\Andrés\.openjfx\cache\13\api-ms-win-crt-private-l1-1-0.dll
0x000002397fb10000 - 0x000002397fb13000 	C:\Users\Andrés\.openjfx\cache\13\api-ms-win-crt-process-l1-1-0.dll
0x000002397fb20000 - 0x000002397fb24000 	C:\Users\Andrés\.openjfx\cache\13\api-ms-win-crt-runtime-l1-1-0.dll
0x000002397fb30000 - 0x000002397fb34000 	C:\Users\Andrés\.openjfx\cache\13\api-ms-win-crt-stdio-l1-1-0.dll
0x000002397fb40000 - 0x000002397fb44000 	C:\Users\Andrés\.openjfx\cache\13\api-ms-win-crt-string-l1-1-0.dll
0x000002397fb50000 - 0x000002397fb53000 	C:\Users\Andrés\.openjfx\cache\13\api-ms-win-crt-time-l1-1-0.dll
0x000002397fb60000 - 0x000002397fb63000 	C:\Users\Andrés\.openjfx\cache\13\api-ms-win-crt-utility-l1-1-0.dll
0x00007ff8719b0000 - 0x00007ff871aac000 	C:\Users\Andrés\.openjfx\cache\13\ucrtbase.dll
0x00007ff89e5c0000 - 0x00007ff89e5d5000 	C:\Users\Andrés\.openjfx\cache\13\vcruntime140.dll
0x00007ff878b60000 - 0x00007ff878bfb000 	C:\Users\Andrés\.openjfx\cache\13\msvcp140.dll
0x00007ff875a60000 - 0x00007ff875ab1000 	C:\Users\Andrés\.openjfx\cache\13\concrt140.dll
0x00007ff893ea0000 - 0x00007ff893ec3000 	C:\Users\Andrés\.openjfx\cache\13\prism_d3d.dll
0x00007ff856980000 - 0x00007ff856b4f000 	C:\WINDOWS\system32\d3d9.dll
0x00007ff8a3a10000 - 0x00007ff8a3a3f000 	C:\WINDOWS\SYSTEM32\dwmapi.dll
0x00007ff8a3810000 - 0x00007ff8a38ae000 	C:\WINDOWS\system32\uxtheme.dll
0x00007ff848be0000 - 0x00007ff848d8f000 	C:\WINDOWS\System32\DriverStore\FileRepository\iigd_dch.inf_amd64_51f685305808e3a5\igdumdim64.dll
0x00007ff8a7f70000 - 0x00007ff8a809a000 	C:\WINDOWS\System32\ole32.dll
0x00007ff8a6380000 - 0x00007ff8a63a7000 	C:\WINDOWS\System32\bcrypt.dll
0x00007ff839b70000 - 0x00007ff83cc13000 	C:\WINDOWS\System32\DriverStore\FileRepository\iigd_dch.inf_amd64_51f685305808e3a5\igd9dxva64.dll
0x00007ff8a6cb0000 - 0x00007ff8a6d7d000 	C:\WINDOWS\System32\OLEAUT32.dll
0x00007ff8a8220000 - 0x00007ff8a8688000 	C:\WINDOWS\System32\SETUPAPI.dll
0x00007ff8a6230000 - 0x00007ff8a627e000 	C:\WINDOWS\System32\cfgmgr32.dll
0x00007ff89aa30000 - 0x00007ff89ae39000 	C:\WINDOWS\System32\DriverStore\FileRepository\iigd_dch.inf_amd64_51f685305808e3a5\igdgmm64.dll
0x00007ff8758f0000 - 0x00007ff875935000 	C:\Users\Andrés\.openjfx\cache\13\glass.dll
0x00007ff8a6d90000 - 0x00007ff8a6e6a000 	C:\WINDOWS\System32\COMDLG32.dll
0x00007ff8a7a90000 - 0x00007ff8a7ba5000 	C:\WINDOWS\System32\MSCTF.dll
0x00007ff874900000 - 0x00007ff874927000 	C:\WINDOWS\System32\DriverStore\FileRepository\iigd_dch.inf_amd64_51f685305808e3a5\igdinfo64.dll
0x00007ff896d00000 - 0x00007ff89a494000 	C:\WINDOWS\System32\DriverStore\FileRepository\iigd_dch.inf_amd64_51f685305808e3a5\igc64.dll
0x00007ff89b9b0000 - 0x00007ff89b9eb000 	C:\WINDOWS\SYSTEM32\dxcore.dll
0x00007ff89a8c0000 - 0x00007ff89a8d4000 	C:\Users\Andrés\.openjfx\cache\13\javafx_font.dll
0x00007ff887a30000 - 0x00007ff887caf000 	C:\WINDOWS\SYSTEM32\dwrite.dll
0x00007ff8a7e60000 - 0x00007ff8a7f0f000 	C:\WINDOWS\System32\clbcatq.dll
0x00007ff89f0d0000 - 0x00007ff89f284000 	C:\WINDOWS\SYSTEM32\WindowsCodecs.dll
0x00007ff891280000 - 0x00007ff8912be000 	C:\WINDOWS\system32\dataexchange.dll
0x00007ff8a1b80000 - 0x00007ff8a1de3000 	C:\WINDOWS\system32\d3d11.dll
0x00007ff8a4af0000 - 0x00007ff8a4be3000 	C:\WINDOWS\system32\dxgi.dll
0x00007ff8a2a50000 - 0x00007ff8a2c33000 	C:\WINDOWS\system32\dcomp.dll
0x00007ff89f730000 - 0x00007ff89f930000 	C:\WINDOWS\system32\twinapi.appcore.dll
0x00007ff89e610000 - 0x00007ff89e644000 	C:\Program Files\Common Files\Microsoft Shared\Ink\rtscom.dll
0x00007ff894dd0000 - 0x00007ff894ec9000 	C:\WINDOWS\SYSTEM32\textinputframework.dll
0x00007ff8a33d0000 - 0x00007ff8a34c2000 	C:\WINDOWS\System32\CoreMessaging.dll
0x00007ff8a2fe0000 - 0x00007ff8a333e000 	C:\WINDOWS\System32\CoreUIComponents.dll
0x00007ff8a2810000 - 0x00007ff8a2964000 	C:\WINDOWS\SYSTEM32\wintypes.dll
0x00007ff8a5370000 - 0x00007ff8a53a3000 	C:\WINDOWS\SYSTEM32\ntmarta.dll
0x00007ff89f990000 - 0x00007ff89f9f6000 	C:\WINDOWS\system32\Oleacc.dll

dbghelp: loaded successfully - version: 4.0.5 - missing functions: none
symbol engine: initialized successfully - sym options: 0x614 - pdb path: .;C:\Users\Andrés\.jdks\corretto-18.0.2\bin;C:\WINDOWS\SYSTEM32;C:\WINDOWS\WinSxS\amd64_microsoft.windows.common-controls_6595b64144ccf1df_6.0.19041.1110_none_60b5254171f9507e;C:\Users\Andrés\.jdks\corretto-18.0.2\bin\server;C:\Program Files\JetBrains\IntelliJ IDEA 2022.2.3\bin;C:\Users\Andrés\.openjfx\cache\13;C:\WINDOWS\System32\DriverStore\FileRepository\iigd_dch.inf_amd64_51f685305808e3a5;C:\Program Files\Common Files\Microsoft Shared\Ink

VM Arguments:
jvm_args: -javaagent:C:\Program Files\JetBrains\IntelliJ IDEA 2022.2.3\lib\idea_rt.jar=49788:C:\Program Files\JetBrains\IntelliJ IDEA 2022.2.3\bin -Dfile.encoding=UTF-8 -Dsun.stdout.encoding=UTF-8 -Dsun.stderr.encoding=UTF-8 --module-path=C:\Users\Andrés\OneDrive - Universidad Icesi (@icesi.edu.co)\Escritorio\TankBattleIcesi\frontline_duel\target\classes;C:\Users\Andrés\.m2\repository\org\openjfx\javafx-fxml\13\javafx-fxml-13-win.jar;C:\Users\Andrés\.m2\repository\org\openjfx\javafx-graphics\13\javafx-graphics-13-win.jar;C:\Users\Andrés\.m2\repository\org\openjfx\javafx-controls\13\javafx-controls-13-win.jar;C:\Users\Andrés\.m2\repository\org\openjfx\javafx-base\13\javafx-base-13-win.jar -Djdk.module.main=game.ui 
java_command: game.ui/game.ui.FrontlineDuel
java_class_path (initial): C:\Users\Andrés\.m2\repository\org\openjfx\javafx-controls\13\javafx-controls-13.jar;C:\Users\Andrés\.m2\repository\org\openjfx\javafx-graphics\13\javafx-graphics-13.jar;C:\Users\Andrés\.m2\repository\org\openjfx\javafx-base\13\javafx-base-13.jar;C:\Users\Andrés\.m2\repository\org\openjfx\javafx-fxml\13\javafx-fxml-13.jar
Launcher Type: SUN_STANDARD

[Global flags]
     intx CICompilerCount                          = 3                                         {product} {ergonomic}
     uint ConcGCThreads                            = 1                                         {product} {ergonomic}
     uint G1ConcRefinementThreads                  = 4                                         {product} {ergonomic}
   size_t G1HeapRegionSize                         = 1048576                                   {product} {ergonomic}
    uintx GCDrainStackTargetSize                   = 64                                        {product} {ergonomic}
   size_t InitialHeapSize                          = 67108864                                  {product} {ergonomic}
   size_t MarkStackSize                            = 4194304                                   {product} {ergonomic}
   size_t MaxHeapSize                              = 1046478848                                {product} {ergonomic}
   size_t MaxNewSize                               = 627048448                                 {product} {ergonomic}
   size_t MinHeapDeltaBytes                        = 1048576                                   {product} {ergonomic}
   size_t MinHeapSize                              = 8388608                                   {product} {ergonomic}
    uintx NonNMethodCodeHeapSize                   = 5832780                                {pd product} {ergonomic}
    uintx NonProfiledCodeHeapSize                  = 122912730                              {pd product} {ergonomic}
    uintx ProfiledCodeHeapSize                     = 122912730                              {pd product} {ergonomic}
    uintx ReservedCodeCacheSize                    = 251658240                              {pd product} {ergonomic}
     bool SegmentedCodeCache                       = true                                      {product} {ergonomic}
   size_t SoftMaxHeapSize                          = 1046478848                             {manageable} {ergonomic}
     bool UseCompressedClassPointers               = true                           {product lp64_product} {ergonomic}
     bool UseCompressedOops                        = true                           {product lp64_product} {ergonomic}
     bool UseG1GC                                  = true                                      {product} {ergonomic}
     bool UseLargePagesIndividualAllocation        = false                                  {pd product} {ergonomic}

Logging:
Log output configuration:
 #0: stdout all=warning uptime,level,tags foldmultilines=false
 #1: stderr all=off uptime,level,tags foldmultilines=false

Environment Variables:
PATH=C:\Program Files (x86)\Common Files\Oracle\Java\javapath;C:\WINDOWS\system32;C:\WINDOWS;C:\WINDOWS\System32\Wbem;C:\WINDOWS\System32\WindowsPowerShell\v1.0\;C:\WINDOWS\System32\OpenSSH\;C:\Program Files\Git\cmd;C:\Users\Andrés\AppData\Local\Microsoft\WindowsApps;C:\Users\Andrés\AppData\Local\Programs\Microsoft VS Code\bin;C:\Users\Andrés\AppData\Local\GitHubDesktop\bin
USERNAME=Andrés
OS=Windows_NT
PROCESSOR_IDENTIFIER=Intel64 Family 6 Model 78 Stepping 3, GenuineIntel



---------------  S Y S T E M  ---------------

OS:
 Windows 10 , 64 bit Build 19041 (10.0.19041.2251)
OS uptime: 8 days 4:40 hours

CPU: total 4 (initial active 4) (2 cores per cpu, 2 threads per core) family 6 model 78 stepping 3 microcode 0xcc, cx8, cmov, fxsr, ht, mmx, 3dnowpref, sse, sse2, sse3, ssse3, sse4.1, sse4.2, popcnt, lzcnt, tsc, tscinvbit, avx, avx2, aes, erms, clmul, bmi1, bmi2, rtm, adx, fma, vzeroupper, clflush, clflushopt

Memory: 4k page, system-wide physical 3984M (147M free)
TotalPageFile size 8496M (AvailPageFile size 1M)
current process WorkingSet (physical memory assigned to process): 140M, peak: 140M
current process commit charge ("private bytes"): 183M, peak: 183M

vm_info: OpenJDK 64-Bit Server VM (18.0.2+9-FR) for windows-amd64 JRE (18.0.2+9-FR), built on Jul 15 2022 20:03:03 by "Administrator" with MS VC++ 15.9 (VS2017)

END.
